<?xml version="1.0" encoding="UTF-8"?>
<testng-results skipped="0" failed="0" total="1" passed="1">
  <reporter-output>
  </reporter-output>
  <suite name="Default suite" duration-ms="76229" started-at="2016-08-02T06:46:15Z" finished-at="2016-08-02T06:47:31Z">
    <groups>
    </groups>
    <test name="Default test" duration-ms="76229" started-at="2016-08-02T06:46:15Z" finished-at="2016-08-02T06:47:31Z">
      <class name="scripts.DriverScriptTest">
        <test-method status="PASS" signature="beforeClass()[pri:0, instance:scripts.DriverScriptTest@340f438e]" name="beforeClass" is-config="true" duration-ms="265" started-at="2016-08-02T12:16:15Z" finished-at="2016-08-02T12:16:15Z">
          <reporter-output>
          </reporter-output>
        </test-method> <!-- beforeClass -->
        <test-method status="PASS" signature="controlscript()[pri:0, instance:scripts.DriverScriptTest@340f438e]" name="controlscript" duration-ms="75944" started-at="2016-08-02T12:16:15Z" finished-at="2016-08-02T12:17:31Z">
          <reporter-output>
          </reporter-output>
        </test-method> <!-- controlscript -->
        <test-method status="PASS" signature="endScript()[pri:0, instance:scripts.DriverScriptTest@340f438e]" name="endScript" is-config="true" duration-ms="35" started-at="2016-08-02T12:17:31Z" finished-at="2016-08-02T12:17:31Z">
          <reporter-output>
          </reporter-output>
        </test-method> <!-- endScript -->
      </class> <!-- scripts.DriverScriptTest -->
    </test> <!-- Default test -->
  </suite> <!-- Default suite -->
</testng-results>
